<?xml version="1.0" encoding="UTF-8"?>
<!-- Generated by org.testng.reporters.JUnitReportReporter -->
<testsuite hostname="MSI" failures="0" tests="3" name="com.juaracoding.ujian.posttest25.TestRunnerPostTest" time="76.251" errors="0" timestamp="2022-08-30T22:25:55 WIB" skipped="0">
  <testcase classname="com.juaracoding.ujian.posttest25.TestRunnerPostTest" name="runScenario" time="12.260"/>
  <system-out/>
  <testcase classname="com.juaracoding.ujian.posttest25.TestRunnerPostTest" name="runScenario" time="26.301"/>
  <system-out/>
  <testcase classname="com.juaracoding.ujian.posttest25.TestRunnerPostTest" name="runScenario" time="37.690"/>
  <system-out/>
</testsuite> <!-- com.juaracoding.ujian.posttest25.TestRunnerPostTest -->
