<?xml version="1.0" encoding="UTF-8"?>
<!-- Generated by org.testng.reporters.JUnitReportReporter -->
<testsuite hostname="MSI" failures="0" tests="3" name="com.juaracoding.ujian.posttest26.TestRunnerPostTest" time="77.638" errors="0" timestamp="2022-08-30T23:40:57 WIB" skipped="0">
  <testcase classname="com.juaracoding.ujian.posttest26.TestRunnerPostTest" name="runScenario" time="26.152"/>
  <system-out/>
  <testcase classname="com.juaracoding.ujian.posttest26.TestRunnerPostTest" name="runScenario" time="12.310"/>
  <system-out/>
  <testcase classname="com.juaracoding.ujian.posttest26.TestRunnerPostTest" name="runScenario" time="39.176"/>
  <system-out/>
</testsuite> <!-- com.juaracoding.ujian.posttest26.TestRunnerPostTest -->
